<html>
<body>
<pre>
<h1>Vision2 Build Log</h1>
<h2>Project:</h2>
E:\prog\STC15F2K60S2\程序模板\15-模拟串口-超时接收完成\UART.uv2
Project File Date:  10/19/2011

<h2>Output:</h2>
Build target 'Target 1'
compiling 宏晶模拟串口.c...
宏晶模拟串口.C(125): warning C206: 'TxByte': missing function-prototype
宏晶模拟串口.C(125): error C267: 'TxByte': requires ANSI-style prototype
宏晶模拟串口.C(142): error C231: '_TxByte': redefinition
Target not created
Build target 'Target 1'
compiling 宏晶模拟串口.c...
linking...
Program Size: data=51.3 xdata=0 code=415
creating hex file from "UART"...
"UART" - 0 Error(s), 0 Warning(s).
Build target 'Target 1'
compiling 宏晶模拟串口.c...
linking...
Program Size: data=51.3 xdata=0 code=350
creating hex file from "UART"...
"UART" - 0 Error(s), 0 Warning(s).
Build target 'Target 1'
compiling 宏晶模拟串口.c...
linking...
Program Size: data=51.3 xdata=0 code=415
creating hex file from "UART"...
"UART" - 0 Error(s), 0 Warning(s).
Build target 'Target 1'
compiling 宏晶模拟串口.c...
linking...
Program Size: data=51.3 xdata=0 code=350
creating hex file from "UART"...
"UART" - 0 Error(s), 0 Warning(s).
Build target 'Target 1'
compiling 宏晶模拟串口.c...
linking...
Program Size: data=51.3 xdata=0 code=350
creating hex file from "UART"...
"UART" - 0 Error(s), 0 Warning(s).
