<html>
<body>
<pre>
<h1>Vision Build Log</h1>
<h2>Project:</h2>
E:\StudyNote\study_C51\程序\1--基础实验\5-蜂鸣器实验\5-蜂鸣器实验\template.uvproj
Project File Date:  05/12/2024

<h2>Output:</h2>
Build target 'Target 1'
compiling main.c...
linking...
Program Size: data=9.0 xdata=0 code=58
creating hex file from "template"...
"template" - 0 Error(s), 0 Warning(s).
Build target 'Target 1'
compiling main.c...
linking...
Program Size: data=9.0 xdata=0 code=62
creating hex file from "template"...
"template" - 0 Error(s), 0 Warning(s).
Build target 'Target 1'
compiling main.c...
linking...
Program Size: data=9.0 xdata=0 code=62
creating hex file from "template"...
"template" - 0 Error(s), 0 Warning(s).
Build target 'Target 1'
compiling main.c...
linking...
Program Size: data=9.0 xdata=0 code=62
creating hex file from "template"...
"template" - 0 Error(s), 0 Warning(s).
Build target 'Target 1'
compiling main.c...
linking...
Program Size: data=9.0 xdata=0 code=61
creating hex file from "template"...
"template" - 0 Error(s), 0 Warning(s).
Build target 'Target 1'
compiling main.c...
MAIN.C(13): error C136: 'main': 'void' on variable
MAIN.C(13): error C129: missing ';' before '{'
Target not created
Build target 'Target 1'
compiling main.c...
MAIN.C(21): error C141: syntax error near 'Delay_ms'
Target not created
Build target 'Target 1'
compiling main.c...
MAIN.C(21): error C141: syntax error near 'delay_us'
Target not created
Build target 'Target 1'
compiling main.c...
MAIN.C(21): error C141: syntax error near 'delay'
Target not created
Build target 'Target 1'
compiling main.c...
MAIN.C(21): error C141: syntax error near 'delay_us'
Target not created
Build target 'Target 1'
compiling main.c...
MAIN.C(21): error C141: syntax error near 'delay_us'
Target not created
Build target 'Target 1'
compiling main.c...
MAIN.C(21): error C141: syntax error near 'delay_us'
Target not created
Build target 'Target 1'
compiling main.c...
linking...
Program Size: data=9.0 xdata=0 code=55
creating hex file from "template"...
"template" - 0 Error(s), 0 Warning(s).
Build target 'Target 1'
compiling main.c...
linking...
Program Size: data=9.0 xdata=0 code=55
creating hex file from "template"...
"template" - 0 Error(s), 0 Warning(s).
Build target 'Target 1'
compiling main.c...
linking...
Program Size: data=9.0 xdata=0 code=55
creating hex file from "template"...
"template" - 0 Error(s), 0 Warning(s).
